<?xml version="1.0" encoding="UTF-8"?>
<!-- Generated by org.testng.reporters.JUnitReportReporter -->
<testsuite hostname="DESKTOP-NML1G31" failures="0" tests="1" name="runners.TestRunner" time="32.952" errors="0" timestamp="2023-09-15T12:44:32 IST" skipped="0">
  <testcase classname="runners.TestRunner" name="runScenario" time="32.952"/>
  <system-out/>
</testsuite> <!-- runners.TestRunner -->
